<?xml version="1.0" encoding="UTF-8"?>
<checkstyle version="8.29">
<file name="C:\Users\wtjra\OneDrive\Desktop\SeProject\UWG-SE2-Spring22-Team4\code\src\main\java\workout_manager\Main.java">
<error line="8" column="8" severity="warning" message="Unused import - workout_manager.model.WorkoutDataFetcher." source="com.puppycrawl.tools.checkstyle.checks.imports.UnusedImportsCheck"/>
</file>
<file name="C:\Users\wtjra\OneDrive\Desktop\SeProject\UWG-SE2-Spring22-Team4\code\src\main\java\workout_manager\model\DataFetcher.java">
<error line="7" severity="warning" message="Type Javadoc comment is missing @author tag." source="com.puppycrawl.tools.checkstyle.checks.javadoc.JavadocTypeCheck"/>
<error line="14" column="5" severity="warning" message="Redundant &apos;public&apos; modifier." source="com.puppycrawl.tools.checkstyle.checks.modifier.RedundantModifierCheck"/>
</file>
<file name="C:\Users\wtjra\OneDrive\Desktop\SeProject\UWG-SE2-Spring22-Team4\code\src\main\java\workout_manager\model\Days.java">
</file>
<file name="C:\Users\wtjra\OneDrive\Desktop\SeProject\UWG-SE2-Spring22-Team4\code\src\main\java\workout_manager\model\Exercise.java">
<error line="5" severity="warning" message="Type Javadoc comment is missing @author tag." source="com.puppycrawl.tools.checkstyle.checks.javadoc.JavadocTypeCheck"/>
<error line="14" column="5" severity="warning" message="Missing a Javadoc comment." source="com.puppycrawl.tools.checkstyle.checks.javadoc.MissingJavadocMethodCheck"/>
<error line="14" column="32" severity="warning" message="&apos;{&apos; is not preceded with whitespace." source="com.puppycrawl.tools.checkstyle.checks.whitespace.WhitespaceAroundCheck"/>
<error line="18" column="5" severity="warning" message="Missing a Javadoc comment." source="com.puppycrawl.tools.checkstyle.checks.javadoc.MissingJavadocMethodCheck"/>
<error line="18" column="33" severity="warning" message="&apos;{&apos; is not preceded with whitespace." source="com.puppycrawl.tools.checkstyle.checks.whitespace.WhitespaceAroundCheck"/>
<error line="22" column="5" severity="warning" message="Missing a Javadoc comment." source="com.puppycrawl.tools.checkstyle.checks.javadoc.MissingJavadocMethodCheck"/>
<error line="22" column="30" severity="warning" message="&apos;{&apos; is not preceded with whitespace." source="com.puppycrawl.tools.checkstyle.checks.whitespace.WhitespaceAroundCheck"/>
<error line="26" column="5" severity="warning" message="Missing a Javadoc comment." source="com.puppycrawl.tools.checkstyle.checks.javadoc.MissingJavadocMethodCheck"/>
<error line="26" column="26" severity="warning" message="&apos;{&apos; is not preceded with whitespace." source="com.puppycrawl.tools.checkstyle.checks.whitespace.WhitespaceAroundCheck"/>
<error line="30" column="5" severity="warning" message="Missing a Javadoc comment." source="com.puppycrawl.tools.checkstyle.checks.javadoc.MissingJavadocMethodCheck"/>
<error line="30" column="28" severity="warning" message="&apos;{&apos; is not preceded with whitespace." source="com.puppycrawl.tools.checkstyle.checks.whitespace.WhitespaceAroundCheck"/>
<error line="33" column="5" severity="warning" message="Missing a Javadoc comment." source="com.puppycrawl.tools.checkstyle.checks.javadoc.MissingJavadocMethodCheck"/>
<error line="33" column="34" severity="warning" message="&apos;{&apos; is not preceded with whitespace." source="com.puppycrawl.tools.checkstyle.checks.whitespace.WhitespaceAroundCheck"/>
</file>
<file name="C:\Users\wtjra\OneDrive\Desktop\SeProject\UWG-SE2-Spring22-Team4\code\src\main\java\workout_manager\model\ExerciseAlt.java">
<error line="5" severity="warning" message="Type Javadoc comment is missing @author tag." source="com.puppycrawl.tools.checkstyle.checks.javadoc.JavadocTypeCheck"/>
<error line="7" severity="warning" message="&apos;member def modifier&apos; has incorrect indentation level 8, expected level should be 4." source="com.puppycrawl.tools.checkstyle.checks.indentation.IndentationCheck"/>
<error line="8" severity="warning" message="&apos;member def modifier&apos; has incorrect indentation level 8, expected level should be 4." source="com.puppycrawl.tools.checkstyle.checks.indentation.IndentationCheck"/>
<error line="14" severity="warning" message="&apos;method def modifier&apos; has incorrect indentation level 8, expected level should be 4." source="com.puppycrawl.tools.checkstyle.checks.indentation.IndentationCheck"/>
<error line="14" column="32" severity="warning" message="&apos;{&apos; is not preceded with whitespace." source="com.puppycrawl.tools.checkstyle.checks.whitespace.WhitespaceAroundCheck"/>
<error line="15" severity="warning" message="&apos;method def&apos; child has incorrect indentation level 12, expected level should be 8." source="com.puppycrawl.tools.checkstyle.checks.indentation.IndentationCheck"/>
<error line="16" severity="warning" message="&apos;method def rcurly&apos; has incorrect indentation level 8, expected level should be 4." source="com.puppycrawl.tools.checkstyle.checks.indentation.IndentationCheck"/>
<error line="22" severity="warning" message="&apos;method def modifier&apos; has incorrect indentation level 8, expected level should be 4." source="com.puppycrawl.tools.checkstyle.checks.indentation.IndentationCheck"/>
<error line="22" column="39" severity="warning" message="&apos;{&apos; is not preceded with whitespace." source="com.puppycrawl.tools.checkstyle.checks.whitespace.WhitespaceAroundCheck"/>
<error line="23" severity="warning" message="&apos;method def&apos; child has incorrect indentation level 12, expected level should be 8." source="com.puppycrawl.tools.checkstyle.checks.indentation.IndentationCheck"/>
<error line="23" column="59" severity="warning" message="&apos;,&apos; is not followed by whitespace." source="com.puppycrawl.tools.checkstyle.checks.whitespace.WhitespaceAfterCheck"/>
<error line="24" severity="warning" message="&apos;method def rcurly&apos; has incorrect indentation level 8, expected level should be 4." source="com.puppycrawl.tools.checkstyle.checks.indentation.IndentationCheck"/>
</file>
<file name="C:\Users\wtjra\OneDrive\Desktop\SeProject\UWG-SE2-Spring22-Team4\code\src\main\java\workout_manager\model\LocalLoginAuthenticator.java">
<error line="5" column="27" severity="warning" message="Static variables &apos;USERNAME&apos; should start with a lower case letter and use only letters and digits. It must have more than one letter." source="com.puppycrawl.tools.checkstyle.checks.naming.StaticVariableNameCheck"/>
<error line="6" column="27" severity="warning" message="Static variables &apos;PASSWORD&apos; should start with a lower case letter and use only letters and digits. It must have more than one letter." source="com.puppycrawl.tools.checkstyle.checks.naming.StaticVariableNameCheck"/>
</file>
<file name="C:\Users\wtjra\OneDrive\Desktop\SeProject\UWG-SE2-Spring22-Team4\code\src\main\java\workout_manager\model\LoginAuthenticator.java">
<error line="5" column="5" severity="warning" message="Missing a Javadoc comment." source="com.puppycrawl.tools.checkstyle.checks.javadoc.MissingJavadocMethodCheck"/>
</file>
<file name="C:\Users\wtjra\OneDrive\Desktop\SeProject\UWG-SE2-Spring22-Team4\code\src\main\java\workout_manager\model\MuscleGroup.java">
<error line="14" column="5" severity="warning" message="Redundant &apos;private&apos; modifier." source="com.puppycrawl.tools.checkstyle.checks.modifier.RedundantModifierCheck"/>
</file>
<file name="C:\Users\wtjra\OneDrive\Desktop\SeProject\UWG-SE2-Spring22-Team4\code\src\main\java\workout_manager\model\Preferences.java">
</file>
<file name="C:\Users\wtjra\OneDrive\Desktop\SeProject\UWG-SE2-Spring22-Team4\code\src\main\java\workout_manager\model\User.java">
<error line="100" severity="warning" message="Javadoc has empty description section." source="com.puppycrawl.tools.checkstyle.checks.javadoc.JavadocStyleCheck"/>
</file>
<file name="C:\Users\wtjra\OneDrive\Desktop\SeProject\UWG-SE2-Spring22-Team4\code\src\main\java\workout_manager\model\Workout.java">
<error line="8" severity="warning" message="Type Javadoc comment is missing @author tag." source="com.puppycrawl.tools.checkstyle.checks.javadoc.JavadocTypeCheck"/>
<error line="28" column="5" severity="warning" message="Missing a Javadoc comment." source="com.puppycrawl.tools.checkstyle.checks.javadoc.MissingJavadocMethodCheck"/>
</file>
<file name="C:\Users\wtjra\OneDrive\Desktop\SeProject\UWG-SE2-Spring22-Team4\code\src\main\java\workout_manager\model\WorkoutDataFetcher.java">
<error line="30" column="20" severity="warning" message="Instance variable name &apos;x_rapidapi_host&apos; should start with a lower case letter and use only letters and digits. It must have more than one letter." source="com.puppycrawl.tools.checkstyle.checks.naming.MemberNameCheck"/>
<error line="31" severity="warning" message="Don&apos;t use trailing comments." source="com.puppycrawl.tools.checkstyle.checks.TrailingCommentCheck"/>
<error line="31" column="20" severity="warning" message="Instance variable name &apos;x_rapidapi_key&apos; should start with a lower case letter and use only letters and digits. It must have more than one letter." source="com.puppycrawl.tools.checkstyle.checks.naming.MemberNameCheck"/>
<error line="31" column="89" severity="warning" message="&apos;;&apos; is not followed by whitespace." source="com.puppycrawl.tools.checkstyle.checks.whitespace.WhitespaceAfterCheck"/>
<error line="36" column="5" severity="warning" message="Missing a Javadoc comment." source="com.puppycrawl.tools.checkstyle.checks.javadoc.MissingJavadocMethodCheck"/>
<error line="36" column="64" severity="warning" message="&apos;{&apos; is not preceded with whitespace." source="com.puppycrawl.tools.checkstyle.checks.whitespace.WhitespaceAroundCheck"/>
<error line="41" column="35" severity="warning" message="&apos;+&apos; is not followed by whitespace." source="com.puppycrawl.tools.checkstyle.checks.whitespace.WhitespaceAroundCheck"/>
<error line="41" column="35" severity="warning" message="&apos;+&apos; is not preceded with whitespace." source="com.puppycrawl.tools.checkstyle.checks.whitespace.WhitespaceAroundCheck"/>
<error line="46" column="56" severity="warning" message="Reference to instance variable &apos;host2&apos; needs &quot;this.&quot;." source="com.puppycrawl.tools.checkstyle.checks.coding.RequireThisCheck"/>
<error line="47" severity="warning" message="&apos;.&apos; has incorrect indentation level 8, expected level should be 10." source="com.puppycrawl.tools.checkstyle.checks.indentation.IndentationCheck"/>
</file>
<file name="C:\Users\wtjra\OneDrive\Desktop\SeProject\UWG-SE2-Spring22-Team4\code\src\main\java\workout_manager\model\WorkoutGenerator.java">
<error line="6" column="8" severity="warning" message="Unused import - java.util.concurrent.ThreadLocalRandom." source="com.puppycrawl.tools.checkstyle.checks.imports.UnusedImportsCheck"/>
<error line="16" column="5" severity="warning" message="Missing a Javadoc comment." source="com.puppycrawl.tools.checkstyle.checks.javadoc.MissingJavadocMethodCheck"/>
<error line="21" column="5" severity="warning" message="Missing a Javadoc comment." source="com.puppycrawl.tools.checkstyle.checks.javadoc.MissingJavadocMethodCheck"/>
<error line="25" column="63" severity="warning" message="Must have at least one statement." source="com.puppycrawl.tools.checkstyle.checks.blocks.EmptyBlockCheck"/>
</file>
<file name="C:\Users\wtjra\OneDrive\Desktop\SeProject\UWG-SE2-Spring22-Team4\code\src\main\java\workout_manager\test\TestLocalLoginAuthenticator.java">
<error line="3" column="8" severity="warning" message="Unused import - workout_manager.model.LocalLoginAuthenticator." source="com.puppycrawl.tools.checkstyle.checks.imports.UnusedImportsCheck"/>
</file>
<file name="C:\Users\wtjra\OneDrive\Desktop\SeProject\UWG-SE2-Spring22-Team4\code\src\main\java\workout_manager\view\DailyDetailsController.java">
<error line="20" column="4" severity="warning" message="Unknown tag &apos;precondition&apos;." source="com.puppycrawl.tools.checkstyle.checks.javadoc.JavadocTypeCheck"/>
<error line="21" column="4" severity="warning" message="Unknown tag &apos;postcondition&apos;." source="com.puppycrawl.tools.checkstyle.checks.javadoc.JavadocTypeCheck"/>
<error line="51" column="5" severity="warning" message="Missing a Javadoc comment." source="com.puppycrawl.tools.checkstyle.checks.javadoc.MissingJavadocMethodCheck"/>
</file>
<file name="C:\Users\wtjra\OneDrive\Desktop\SeProject\UWG-SE2-Spring22-Team4\code\src\main\java\workout_manager\view\LoginController.java">
<error line="17" column="4" severity="warning" message="Unknown tag &apos;precondition&apos;." source="com.puppycrawl.tools.checkstyle.checks.javadoc.JavadocTypeCheck"/>
<error line="18" column="4" severity="warning" message="Unknown tag &apos;postcondition&apos;." source="com.puppycrawl.tools.checkstyle.checks.javadoc.JavadocTypeCheck"/>
</file>
<file name="C:\Users\wtjra\OneDrive\Desktop\SeProject\UWG-SE2-Spring22-Team4\code\src\main\java\workout_manager\view\PreferenceController.java">
<error line="25" column="4" severity="warning" message="Unknown tag &apos;precondition&apos;." source="com.puppycrawl.tools.checkstyle.checks.javadoc.JavadocTypeCheck"/>
<error line="26" column="4" severity="warning" message="Unknown tag &apos;postcondition&apos;." source="com.puppycrawl.tools.checkstyle.checks.javadoc.JavadocTypeCheck"/>
</file>
<file name="C:\Users\wtjra\OneDrive\Desktop\SeProject\UWG-SE2-Spring22-Team4\code\src\main\java\workout_manager\view\WeeklyViewController.java">
<error line="8" column="8" severity="warning" message="Unused import - javafx.scene.Node." source="com.puppycrawl.tools.checkstyle.checks.imports.UnusedImportsCheck"/>
<error line="20" column="33" severity="warning" message="Variable &apos;dayText&apos; must be private and have accessor methods." source="com.puppycrawl.tools.checkstyle.checks.design.VisibilityModifierCheck"/>
</file>
<file name="C:\Users\wtjra\OneDrive\Desktop\SeProject\UWG-SE2-Spring22-Team4\code\src\main\java\workout_manager\view\WorkoutViewModel.java">
<error line="3" column="8" severity="warning" message="Unused import - javafx.beans.property.SimpleStringProperty." source="com.puppycrawl.tools.checkstyle.checks.imports.UnusedImportsCheck"/>
</file>
</checkstyle>
